<?xml version="1.0" encoding="UTF-8"?>
<!-- Generated by org.testng.reporters.JUnitXMLReporter -->
<testsuite hostname="santhu-PC" ignored="0" name="regression execution" tests="11" failures="0" timestamp="18 Feb 2018 16:35:14 GMT" time="231.79" errors="0">
  <testcase name="tearDown" time="0.815" classname="com.crm.qa.tests.HomePageTest"/>
  <testcase name="TitleTest" time="0.055" classname="com.crm.qa.tests.LoginPageTest"/>
  <testcase name="login" time="6.116" classname="com.crm.qa.tests.LoginPageTest"/>
  <testcase name="verifyHomePageTitleTest" time="0.035" classname="com.crm.qa.tests.HomePageTest"/>
  <testcase name="clickOnContacts" time="2.487" classname="com.crm.qa.tests.HomePageTest"/>
  <testcase name="createNewContactTest" time="8.331" classname="com.crm.qa.tests.ContactsPageTest"/>
  <testcase name="createNewContactTest" time="7.706" classname="com.crm.qa.tests.ContactsPageTest"/>
  <testcase name="createNewContactTest" time="7.561" classname="com.crm.qa.tests.ContactsPageTest"/>
  <testcase name="createNewContactTest" time="7.549" classname="com.crm.qa.tests.ContactsPageTest"/>
  <testcase name="createNewContactTest" time="7.545" classname="com.crm.qa.tests.ContactsPageTest"/>
  <testcase name="createNewContactTest" time="7.486" classname="com.crm.qa.tests.ContactsPageTest"/>
</testsuite> <!-- regression execution -->
