<?xml version="1.0" encoding="UTF-8"?>
<!-- Generated by org.testng.reporters.JUnitXMLReporter -->
<testsuite hostname="santhu-PC" ignored="0" name="regression execution" tests="11" failures="0" timestamp="17 Feb 2018 17:48:58 GMT" time="222.126" errors="0">
  <testcase name="TitleTest" time="0.058" classname="com.crm.qa.tests.LoginPageTest"/>
  <testcase name="login" time="7.793" classname="com.crm.qa.tests.LoginPageTest"/>
  <testcase name="tearDown" time="0.755" classname="com.crm.qa.tests.HomePageTest"/>
  <testcase name="createNewContactTest" time="7.691" classname="com.crm.qa.tests.ContactsPageTest"/>
  <testcase name="createNewContactTest" time="7.293" classname="com.crm.qa.tests.ContactsPageTest"/>
  <testcase name="createNewContactTest" time="7.503" classname="com.crm.qa.tests.ContactsPageTest"/>
  <testcase name="createNewContactTest" time="7.455" classname="com.crm.qa.tests.ContactsPageTest"/>
  <testcase name="createNewContactTest" time="7.394" classname="com.crm.qa.tests.ContactsPageTest"/>
  <testcase name="createNewContactTest" time="7.292" classname="com.crm.qa.tests.ContactsPageTest"/>
  <testcase name="verifyHomePageTitleTest" time="0.015" classname="com.crm.qa.tests.HomePageTest"/>
  <testcase name="clickOnContacts" time="2.217" classname="com.crm.qa.tests.HomePageTest"/>
</testsuite> <!-- regression execution -->
