<?xml version="1.0" encoding="UTF-8"?>
<!-- Generated by org.testng.reporters.JUnitXMLReporter -->
<testsuite hostname="santhu-PC" ignored="0" name="Command line test" tests="11" failures="0" timestamp="17 Feb 2018 18:23:47 GMT" time="346.455" errors="0">
  <testcase name="createNewContactTest" time="9.393" classname="com.crm.qa.tests.ContactsPageTest"/>
  <testcase name="createNewContactTest" time="7.685" classname="com.crm.qa.tests.ContactsPageTest"/>
  <testcase name="createNewContactTest" time="7.523" classname="com.crm.qa.tests.ContactsPageTest"/>
  <testcase name="createNewContactTest" time="7.445" classname="com.crm.qa.tests.ContactsPageTest"/>
  <testcase name="createNewContactTest" time="7.613" classname="com.crm.qa.tests.ContactsPageTest"/>
  <testcase name="createNewContactTest" time="7.398" classname="com.crm.qa.tests.ContactsPageTest"/>
  <testcase name="tearDown" time="0.72" classname="com.crm.qa.tests.HomePageTest"/>
  <testcase name="TitleTest" time="0.027" classname="com.crm.qa.tests.LoginPageTest"/>
  <testcase name="login" time="6.081" classname="com.crm.qa.tests.LoginPageTest"/>
  <testcase name="verifyHomePageTitleTest" time="0.028" classname="com.crm.qa.tests.HomePageTest"/>
  <testcase name="clickOnContacts" time="2.225" classname="com.crm.qa.tests.HomePageTest"/>
</testsuite> <!-- Command line test -->
